# JRE version: OpenJDK Runtime Environment (15.0+36) (build 15+36-1562)
# Java VM: OpenJDK 64-Bit Server VM (15+36-1562, mixed mode, tiered, compressed oops, g1 gc, windows-amd64)
GC Precious Log:
 CPUs: 12 total, 12 available
 Memory: 16344M
 Large Page Support: Disabled
 NUMA Support: Disabled
 Compressed Oops: Enabled (Zero based)
 Heap Region Size: 2M
 Heap Min Capacity: 8M
 Heap Initial Capacity: 256M
 Heap Max Capacity: 4088M
 Pre-touch: Disabled
 Parallel Workers: 10
 Concurrent Workers: 3
 Concurrent Refinement Workers: 10
 Periodic GC: Disabled
Heap:
 garbage-first heap   total 40960K, used 9982K [0x0000000700800000, 0x0000000800000000)
  region size 2048K, 4 young (8192K), 2 survivors (4096K)
 Metaspace       used 25319K, capacity 25619K, committed 25904K, reserved 1073152K
  class space    used 2551K, capacity 2652K, committed 2688K, reserved 1048576K
GC Heap History (8 events):
Event: 0.505 GC heap before
{Heap before GC invocations=0 (full 0):
 garbage-first heap   total 262144K, used 20480K [0x0000000700800000, 0x0000000800000000)
  region size 2048K, 11 young (22528K), 0 survivors (0K)
 Metaspace       used 12406K, capacity 12547K, committed 12672K, reserved 1060864K
  class space    used 1105K, capacity 1152K, committed 1152K, reserved 1048576K
}
Event: 0.508 GC heap after
{Heap after GC invocations=1 (full 0):
 garbage-first heap   total 262144K, used 5988K [0x0000000700800000, 0x0000000800000000)
  region size 2048K, 2 young (4096K), 2 survivors (4096K)
 Metaspace       used 12406K, capacity 12547K, committed 12672K, reserved 1060864K
  class space    used 1105K, capacity 1152K, committed 1152K, reserved 1048576K
}
Event: 0.701 GC heap before
{Heap before GC invocations=1 (full 0):
 garbage-first heap   total 262144K, used 32612K [0x0000000700800000, 0x0000000800000000)
  region size 2048K, 15 young (30720K), 2 survivors (4096K)
 Metaspace       used 15485K, capacity 15706K, committed 16000K, reserved 1062912K
  class space    used 1484K, capacity 1561K, committed 1664K, reserved 1048576K
}
Event: 0.704 GC heap after
{Heap after GC invocations=2 (full 0):
 garbage-first heap   total 262144K, used 6776K [0x0000000700800000, 0x0000000800000000)
  region size 2048K, 1 young (2048K), 1 survivors (2048K)
 Metaspace       used 15485K, capacity 15706K, committed 16000K, reserved 1062912K
  class space    used 1484K, capacity 1561K, committed 1664K, reserved 1048576K
}
Event: 1.092 GC heap before
{Heap before GC invocations=2 (full 0):
 garbage-first heap   total 262144K, used 41592K [0x0000000700800000, 0x0000000800000000)
  region size 2048K, 19 young (38912K), 1 survivors (2048K)
 Metaspace       used 20949K, capacity 21136K, committed 21296K, reserved 1069056K
  class space    used 2041K, capacity 2090K, committed 2176K, reserved 1048576K
}
Event: 1.094 GC heap after
{Heap after GC invocations=3 (full 0):
 garbage-first heap   total 262144K, used 8544K [0x0000000700800000, 0x0000000800000000)
  region size 2048K, 2 young (4096K), 2 survivors (4096K)
 Metaspace       used 20949K, capacity 21136K, committed 21296K, reserved 1069056K
  class space    used 2041K, capacity 2090K, committed 2176K, reserved 1048576K
}
Event: 1.768 GC heap before
{Heap before GC invocations=4 (full 0):
 garbage-first heap   total 40960K, used 29024K [0x0000000700800000, 0x0000000800000000)
  region size 2048K, 12 young (24576K), 2 survivors (4096K)
 Metaspace       used 24776K, capacity 25037K, committed 25392K, reserved 1073152K
  class space    used 2494K, capacity 2586K, committed 2688K, reserved 1048576K
}
Event: 1.771 GC heap after
{Heap after GC invocations=5 (full 0):
 garbage-first heap   total 40960K, used 9982K [0x0000000700800000, 0x0000000800000000)
  region size 2048K, 2 young (4096K), 2 survivors (4096K)
 Metaspace       used 24776K, capacity 25037K, committed 25392K, reserved 1073152K
  class space    used 2494K, capacity 2586K, committed 2688K, reserved 1048576K
}

